<?xml version="1.0" encoding="UTF-8"?>
<!-- Generated by org.testng.reporters.JUnitXMLReporter -->
<testsuite hostname="DESKTOP-A97EKAP" name="Default test" tests="6" failures="0" timestamp="25 Apr 2020 09:48:51 GMT" time="0.045" errors="0">
  <testcase name="B_Test" time="0.011" classname="test.java.NewTest"/>
  <testcase name="C_Test" time="0.002" classname="test.java.NewTest"/>
  <testcase name="A_Test" time="0.003" classname="test.java.NewTest"/>
  <testcase name="A_Test" time="0.001" classname="test.java.NewTest"/>
  <testcase name="D_Test" time="0.002" classname="test.java.NewTest"/>
  <testcase name="E_Test" time="0.003" classname="test.java.NewTest"/>
</testsuite> <!-- Default test -->
