<?xml version="1.0" encoding="UTF-8"?>
<!-- Generated by org.testng.reporters.JUnitXMLReporter -->
<testsuite hostname="DESKTOP-A97EKAP" name="SnapDeal" tests="3" failures="0" timestamp="25 Apr 2020 10:35:16 GMT" time="16.434" errors="0">
  <testcase name="OpenBrowser" time="12.511" classname="com.suite2.snapndeal"/>
  <testcase name="SearchProduct" time="1.572" classname="com.suite2.snapndeal"/>
  <testcase name="close" time="2.351" classname="com.suite2.snapndeal"/>
</testsuite> <!-- SnapDeal -->
