<?xml version="1.0" encoding="UTF-8"?>
<testng-results skipped="0" failed="0" total="0" passed="0">
  <reporter-output>
  </reporter-output>
  <suite name="DemoProject.DemoProject.AppTest" duration-ms="4" started-at="2020-04-21T10:39:01Z" finished-at="2020-04-21T10:39:01Z">
    <groups>
    </groups>
    <test name="Command line test" duration-ms="4" started-at="2020-04-21T10:39:01Z" finished-at="2020-04-21T10:39:01Z">
    </test> <!-- Command line test -->
  </suite> <!-- DemoProject.DemoProject.AppTest -->
</testng-results>
