<?xml version="1.0" encoding="UTF-8"?>
<!-- Generated by org.testng.reporters.JUnitXMLReporter -->
<testsuite hostname="DESKTOP-A97EKAP" ignored="0" name="Test" tests="1" failures="1" timestamp="01 May 2020 06:14:08 GMT" time="0.043" errors="0">
  <testcase name="VerifySearchKey" time="0.016" classname="Parameterization.ParameterAnnotationWithTestNGxml">
    <failure type="java.lang.NullPointerException">
      <![CDATA[java.lang.NullPointerException
at Parameterization.ParameterAnnotationWithTestNGxml.VerifySearchKey(ParameterAnnotationWithTestNGxml.java:28)
... Removed 25 stack frames]]>
    </failure>
  </testcase> <!-- VerifySearchKey -->
</testsuite> <!-- Test -->
