<?xml version="1.0" encoding="UTF-8"?>
<testng-results skipped="0" failed="0" total="3" passed="3">
  <reporter-output>
  </reporter-output>
  <suite name="Suite" duration-ms="12576" started-at="2020-05-16T06:44:27Z" finished-at="2020-05-16T06:44:40Z">
    <groups>
    </groups>
    <test name="Test" duration-ms="12576" started-at="2020-05-16T06:44:27Z" finished-at="2020-05-16T06:44:40Z">
      <class name="test.java.ParallelSesionHandling">
        <test-method status="PASS" signature="first_Instance()[pri:0, instance:test.java.ParallelSesionHandling@7a5d012c]" name="first_Instance" duration-ms="12566" started-at="2020-05-16T12:14:27Z" finished-at="2020-05-16T12:14:40Z">
          <reporter-output>
          </reporter-output>
        </test-method> <!-- first_Instance -->
        <test-method status="PASS" signature="third_Instance()[pri:0, instance:test.java.ParallelSesionHandling@7a5d012c]" name="third_Instance" duration-ms="12513" started-at="2020-05-16T12:14:27Z" finished-at="2020-05-16T12:14:40Z">
          <reporter-output>
          </reporter-output>
        </test-method> <!-- third_Instance -->
        <test-method status="PASS" signature="Second_Instance()[pri:0, instance:test.java.ParallelSesionHandling@7a5d012c]" name="Second_Instance" duration-ms="12442" started-at="2020-05-16T12:14:27Z" finished-at="2020-05-16T12:14:40Z">
          <reporter-output>
          </reporter-output>
        </test-method> <!-- Second_Instance -->
      </class> <!-- test.java.ParallelSesionHandling -->
    </test> <!-- Test -->
  </suite> <!-- Suite -->
</testng-results>
