<?xml version="1.0" encoding="UTF-8"?>
<testng-results skipped="0" failed="0" total="1" passed="1">
  <reporter-output>
  </reporter-output>
  <suite name="Suite" duration-ms="20288" started-at="2020-04-21T14:35:40Z" finished-at="2020-04-21T14:36:00Z">
    <groups>
    </groups>
    <test name="Test" duration-ms="20288" started-at="2020-04-21T14:35:40Z" finished-at="2020-04-21T14:36:00Z">
      <class name="test.java.NewTest">
        <test-method status="PASS" signature="beforeTest()[pri:0, instance:test.java.NewTest@dfd3711]" name="beforeTest" is-config="true" duration-ms="3227" started-at="2020-04-21T20:05:40Z" finished-at="2020-04-21T20:05:43Z">
          <reporter-output>
          </reporter-output>
        </test-method> <!-- beforeTest -->
        <test-method status="PASS" signature="testEasy()[pri:0, instance:test.java.NewTest@dfd3711]" name="testEasy" duration-ms="16389" started-at="2020-04-21T20:05:43Z" finished-at="2020-04-21T20:05:59Z">
          <reporter-output>
          </reporter-output>
        </test-method> <!-- testEasy -->
        <test-method status="PASS" signature="afterTest()[pri:0, instance:test.java.NewTest@dfd3711]" name="afterTest" is-config="true" duration-ms="665" started-at="2020-04-21T20:05:59Z" finished-at="2020-04-21T20:06:00Z">
          <reporter-output>
          </reporter-output>
        </test-method> <!-- afterTest -->
      </class> <!-- test.java.NewTest -->
    </test> <!-- Test -->
  </suite> <!-- Suite -->
</testng-results>
