<?xml version="1.0" encoding="UTF-8"?>
<!-- Generated by org.testng.reporters.JUnitXMLReporter -->
<testsuite hostname="DESKTOP-A97EKAP" name="Test" tests="3" failures="0" timestamp="16 May 2020 06:44:40 GMT" time="12.576" errors="0">
  <testcase name="Second_Instance" time="12.442" classname="test.java.ParallelSesionHandling"/>
  <testcase name="third_Instance" time="12.513" classname="test.java.ParallelSesionHandling"/>
  <testcase name="first_Instance" time="12.566" classname="test.java.ParallelSesionHandling"/>
</testsuite> <!-- Test -->
