<?xml version="1.0" encoding="UTF-8"?>
<!-- Generated by org.testng.reporters.JUnitXMLReporter -->
<testsuite hostname="DESKTOP-A97EKAP" name="Test" tests="3" failures="0" timestamp="25 Apr 2020 07:24:48 GMT" time="40.412" errors="0">
  <testcase name="first_Instance" time="40.173" classname="test.java.ParallelSesionHandling"/>
  <testcase name="third_Instance" time="40.275" classname="test.java.ParallelSesionHandling"/>
  <testcase name="Second_Instance" time="40.353" classname="test.java.ParallelSesionHandling"/>
</testsuite> <!-- Test -->
