<?xml version="1.0" encoding="UTF-8"?>
<testng-results skipped="0" failed="0" total="1" passed="1">
  <reporter-output>
  </reporter-output>
  <suite name="Default suite" duration-ms="57108" started-at="2020-05-15T10:46:47Z" finished-at="2020-05-15T10:47:44Z">
    <groups>
    </groups>
    <test name="Default test" duration-ms="57108" started-at="2020-05-15T10:46:47Z" finished-at="2020-05-15T10:47:44Z">
      <class name="test.java.AutoSuggestionSelection">
        <test-method status="PASS" signature="setup()[pri:0, instance:test.java.AutoSuggestionSelection@2d928643]" name="setup" is-config="true" duration-ms="13591" started-at="2020-05-15T16:16:47Z" finished-at="2020-05-15T16:17:01Z">
          <reporter-output>
          </reporter-output>
        </test-method> <!-- setup -->
        <test-method status="PASS" signature="calendar()[pri:0, instance:test.java.AutoSuggestionSelection@2d928643]" name="calendar" duration-ms="43482" started-at="2020-05-15T16:17:01Z" finished-at="2020-05-15T16:17:44Z">
          <reporter-output>
          </reporter-output>
        </test-method> <!-- calendar -->
      </class> <!-- test.java.AutoSuggestionSelection -->
    </test> <!-- Default test -->
  </suite> <!-- Default suite -->
</testng-results>
