<?xml version="1.0" encoding="UTF-8"?>
<!-- Generated by org.testng.reporters.JUnitXMLReporter -->
<testsuite hostname="DESKTOP-A97EKAP" name="SnapDeal" tests="3" failures="0" timestamp="27 Apr 2020 15:34:05 GMT" time="46.421" errors="0">
  <testcase name="OpenBrowser" time="41.121" classname="com.suite2.snapndeal"/>
  <testcase name="SearchProduct" time="2.942" classname="com.suite2.snapndeal"/>
  <testcase name="close" time="2.331" classname="com.suite2.snapndeal"/>
</testsuite> <!-- SnapDeal -->
